[2024-02-29 15:42:58,799][WARNING][base][base.py:152][Not Found: /]
[2024-02-29 15:42:58,799][WARNING][basehttp][basehttp.py:124]["GET / HTTP/1.1" 404 4409]
[2024-02-29 15:42:59,125][WARNING][base][base.py:152][Not Found: /favicon.ico]
[2024-02-29 15:42:59,125][WARNING][basehttp][basehttp.py:124]["GET /favicon.ico HTTP/1.1" 404 4460]
[2024-02-29 15:43:07,497][INFO][basehttp][basehttp.py:124]["GET /admin HTTP/1.1" 301 0]
[2024-02-29 15:43:07,642][INFO][basehttp][basehttp.py:124]["GET /admin/ HTTP/1.1" 302 0]
[2024-02-29 15:43:11,155][INFO][basehttp][basehttp.py:124]["GET /admin/login/?next=/admin/ HTTP/1.1" 200 1652]
[2024-02-29 15:43:11,197][INFO][basehttp][basehttp.py:124]["GET /static/admin/css/base.css HTTP/1.1" 200 16066]
[2024-02-29 15:43:11,202][INFO][basehttp][basehttp.py:124]["GET /static/admin/css/login.css HTTP/1.1" 200 1203]
[2024-02-29 15:43:11,222][INFO][basehttp][basehttp.py:124]["GET /static/admin/css/fonts.css HTTP/1.1" 200 423]
[2024-02-29 15:43:11,283][INFO][basehttp][basehttp.py:124]["GET /static/admin/fonts/Roboto-Light-webfont.woff HTTP/1.1" 200 81348]
[2024-02-29 15:43:11,292][INFO][basehttp][basehttp.py:124]["GET /static/admin/fonts/Roboto-Regular-webfont.woff HTTP/1.1" 200 80304]
[2024-02-29 15:44:50,920][INFO][basehttp][basehttp.py:124]["POST /admin/login/?next=/admin/ HTTP/1.1" 302 0]
[2024-02-29 15:44:51,111][INFO][basehttp][basehttp.py:124]["GET /admin/ HTTP/1.1" 200 6507]
[2024-02-29 15:44:51,127][INFO][basehttp][basehttp.py:124]["GET /static/admin/css/dashboard.css HTTP/1.1" 200 412]
[2024-02-29 15:44:51,140][INFO][basehttp][basehttp.py:124]["GET /static/admin/img/icon-addlink.svg HTTP/1.1" 200 331]
[2024-02-29 15:44:51,149][INFO][basehttp][basehttp.py:124]["GET /static/admin/img/icon-changelink.svg HTTP/1.1" 200 380]
[2024-02-29 15:44:51,190][INFO][basehttp][basehttp.py:124]["GET /static/admin/fonts/Roboto-Bold-webfont.woff HTTP/1.1" 200 82564]
[2024-02-29 15:44:54,807][INFO][basehttp][basehttp.py:124]["GET /admin/w/goods/ HTTP/1.1" 200 3026]
[2024-02-29 15:44:54,837][INFO][basehttp][basehttp.py:124]["GET /static/admin/js/jquery.init.js HTTP/1.1" 200 363]
[2024-02-29 15:44:54,845][INFO][basehttp][basehttp.py:124]["GET /static/admin/css/changelists.css HTTP/1.1" 200 6170]
[2024-02-29 15:44:54,860][INFO][basehttp][basehttp.py:124]["GET /static/admin/js/core.js HTTP/1.1" 200 7976]
[2024-02-29 15:44:54,860][INFO][basehttp][basehttp.py:124]["GET /admin/jsi18n/ HTTP/1.1" 200 7682]
[2024-02-29 15:44:54,873][INFO][basehttp][basehttp.py:124]["GET /static/admin/js/admin/RelatedObjectLookups.js HTTP/1.1" 200 6591]
[2024-02-29 15:44:54,891][INFO][basehttp][basehttp.py:124]["GET /static/admin/js/prepopulate.js HTTP/1.1" 200 1538]
[2024-02-29 15:44:54,891][INFO][basehttp][basehttp.py:124]["GET /static/admin/js/actions.js HTTP/1.1" 200 6501]
[2024-02-29 15:44:54,924][INFO][basehttp][basehttp.py:124]["GET /static/admin/js/urlify.js HTTP/1.1" 200 8186]
[2024-02-29 15:44:54,941][INFO][basehttp][basehttp.py:124]["GET /static/admin/js/vendor/jquery/jquery.js HTTP/1.1" 200 258648]
[2024-02-29 15:44:54,966][INFO][basehttp][basehttp.py:124]["GET /static/admin/js/vendor/xregexp/xregexp.js HTTP/1.1" 200 128820]
[2024-02-29 15:44:54,987][INFO][basehttp][basehttp.py:124]["GET /static/admin/img/tooltag-add.svg HTTP/1.1" 200 331]
[2024-02-29 15:44:56,507][INFO][basehttp][basehttp.py:124]["GET /admin/w/goods/add/ HTTP/1.1" 200 8538]
[2024-02-29 15:44:56,542][INFO][basehttp][basehttp.py:124]["GET /admin/jsi18n/ HTTP/1.1" 200 7682]
[2024-02-29 15:44:56,544][INFO][basehttp][basehttp.py:124]["GET /static/admin/js/prepopulate_init.js HTTP/1.1" 200 495]
[2024-02-29 15:44:56,544][INFO][basehttp][basehttp.py:124]["GET /static/admin/js/change_form.js HTTP/1.1" 200 712]
[2024-02-29 15:44:56,547][INFO][basehttp][basehttp.py:124]["GET /static/admin/css/forms.css HTTP/1.1" 200 8173]
[2024-02-29 15:44:56,575][INFO][basehttp][basehttp.py:124]["GET /static/admin/css/widgets.css HTTP/1.1" 200 10340]
[2024-02-29 15:45:13,490][INFO][basehttp][basehttp.py:124]["GET /admin/w/category/add/?_to_field=id&_popup=1 HTTP/1.1" 200 2893]
[2024-02-29 15:45:13,508][INFO][basehttp][basehttp.py:124]["GET /admin/jsi18n/ HTTP/1.1" 200 7682]
[2024-02-29 15:45:24,456][INFO][basehttp][basehttp.py:124]["POST /admin/w/category/add/?_to_field=id&_popup=1 HTTP/1.1" 200 375]
[2024-02-29 15:45:24,482][INFO][basehttp][basehttp.py:124]["GET /static/admin/js/popup_response.js HTTP/1.1" 200 569]
[2024-02-29 15:45:25,799][INFO][basehttp][basehttp.py:124]["GET /admin/w/category/add/?_to_field=id&_popup=1 HTTP/1.1" 200 2893]
[2024-02-29 15:45:25,807][INFO][basehttp][basehttp.py:124]["GET /admin/jsi18n/ HTTP/1.1" 200 7682]
[2024-02-29 15:45:29,774][INFO][basehttp][basehttp.py:124]["POST /admin/w/category/add/?_to_field=id&_popup=1 HTTP/1.1" 200 375]
[2024-02-29 15:45:31,057][INFO][basehttp][basehttp.py:124]["GET /admin/w/category/add/?_to_field=id&_popup=1 HTTP/1.1" 200 2893]
[2024-02-29 15:45:31,068][INFO][basehttp][basehttp.py:124]["GET /admin/jsi18n/ HTTP/1.1" 200 7682]
[2024-02-29 15:45:38,695][INFO][basehttp][basehttp.py:124]["POST /admin/w/category/add/?_to_field=id&_popup=1 HTTP/1.1" 200 393]
[2024-02-29 15:46:48,124][INFO][basehttp][basehttp.py:124]["POST /admin/w/goods/add/ HTTP/1.1" 302 0]
[2024-02-29 15:46:48,174][INFO][basehttp][basehttp.py:124]["GET /admin/w/goods/add/ HTTP/1.1" 200 8870]
[2024-02-29 15:46:48,197][INFO][basehttp][basehttp.py:124]["GET /admin/jsi18n/ HTTP/1.1" 200 7682]
[2024-02-29 15:46:48,216][INFO][basehttp][basehttp.py:124]["GET /static/admin/img/icon-yes.svg HTTP/1.1" 200 436]
[2024-02-29 15:47:39,448][INFO][basehttp][basehttp.py:124]["POST /admin/w/goods/add/ HTTP/1.1" 302 0]
[2024-02-29 15:47:39,501][INFO][basehttp][basehttp.py:124]["GET /admin/w/goods/add/ HTTP/1.1" 200 8874]
[2024-02-29 15:47:39,523][INFO][basehttp][basehttp.py:124]["GET /admin/jsi18n/ HTTP/1.1" 200 7682]
[2024-02-29 15:48:23,427][INFO][basehttp][basehttp.py:124]["POST /admin/w/goods/add/ HTTP/1.1" 302 0]
[2024-02-29 15:48:23,496][INFO][basehttp][basehttp.py:124]["GET /admin/w/goods/add/ HTTP/1.1" 200 8870]
[2024-02-29 15:48:23,514][INFO][basehttp][basehttp.py:124]["GET /admin/jsi18n/ HTTP/1.1" 200 7682]
[2024-02-29 15:49:12,074][INFO][basehttp][basehttp.py:124]["POST /admin/w/goods/add/ HTTP/1.1" 302 0]
[2024-02-29 15:49:12,126][INFO][basehttp][basehttp.py:124]["GET /admin/w/goods/add/ HTTP/1.1" 200 8872]
[2024-02-29 15:49:12,148][INFO][basehttp][basehttp.py:124]["GET /admin/jsi18n/ HTTP/1.1" 200 7682]
[2024-02-29 15:49:50,293][INFO][basehttp][basehttp.py:124]["POST /admin/w/goods/add/ HTTP/1.1" 302 0]
[2024-02-29 15:49:50,348][INFO][basehttp][basehttp.py:124]["GET /admin/w/goods/add/ HTTP/1.1" 200 8867]
[2024-02-29 15:49:50,380][INFO][basehttp][basehttp.py:124]["GET /admin/jsi18n/ HTTP/1.1" 200 7682]
[2024-02-29 15:50:41,092][INFO][basehttp][basehttp.py:124]["POST /admin/w/goods/add/ HTTP/1.1" 302 0]
[2024-02-29 15:50:41,143][INFO][basehttp][basehttp.py:124]["GET /admin/w/goods/add/ HTTP/1.1" 200 8869]
[2024-02-29 15:50:41,179][INFO][basehttp][basehttp.py:124]["GET /admin/jsi18n/ HTTP/1.1" 200 7682]
[2024-02-29 15:51:26,910][INFO][basehttp][basehttp.py:124]["POST /admin/w/goods/add/ HTTP/1.1" 302 0]
[2024-02-29 15:51:26,965][INFO][basehttp][basehttp.py:124]["GET /admin/w/goods/add/ HTTP/1.1" 200 8873]
[2024-02-29 15:51:26,996][INFO][basehttp][basehttp.py:124]["GET /admin/jsi18n/ HTTP/1.1" 200 7682]
[2024-02-29 15:52:11,611][INFO][basehttp][basehttp.py:124]["POST /admin/w/goods/add/ HTTP/1.1" 302 0]
[2024-02-29 15:52:11,669][INFO][basehttp][basehttp.py:124]["GET /admin/w/goods/add/ HTTP/1.1" 200 8874]
[2024-02-29 15:52:11,695][INFO][basehttp][basehttp.py:124]["GET /admin/jsi18n/ HTTP/1.1" 200 7682]
[2024-02-29 15:53:21,127][INFO][basehttp][basehttp.py:124]["POST /admin/w/goods/add/ HTTP/1.1" 302 0]
[2024-02-29 15:53:21,177][INFO][basehttp][basehttp.py:124]["GET /admin/w/goods/add/ HTTP/1.1" 200 8874]
[2024-02-29 15:53:21,195][INFO][basehttp][basehttp.py:124]["GET /admin/jsi18n/ HTTP/1.1" 200 7682]
[2024-02-29 15:54:12,177][INFO][basehttp][basehttp.py:124]["POST /admin/w/goods/add/ HTTP/1.1" 302 0]
[2024-02-29 15:54:12,227][INFO][basehttp][basehttp.py:124]["GET /admin/w/goods/add/ HTTP/1.1" 200 8875]
[2024-02-29 15:54:12,245][INFO][basehttp][basehttp.py:124]["GET /admin/jsi18n/ HTTP/1.1" 200 7682]
[2024-02-29 15:54:42,877][INFO][basehttp][basehttp.py:124]["POST /admin/w/goods/add/ HTTP/1.1" 302 0]
[2024-02-29 15:54:42,928][INFO][basehttp][basehttp.py:124]["GET /admin/w/goods/add/ HTTP/1.1" 200 8879]
[2024-02-29 15:54:42,943][INFO][basehttp][basehttp.py:124]["GET /admin/jsi18n/ HTTP/1.1" 200 7682]
[2024-02-29 15:55:10,996][INFO][basehttp][basehttp.py:124]["POST /admin/w/goods/add/ HTTP/1.1" 302 0]
[2024-02-29 15:55:11,042][INFO][basehttp][basehttp.py:124]["GET /admin/w/goods/add/ HTTP/1.1" 200 8869]
[2024-02-29 15:55:11,074][INFO][basehttp][basehttp.py:124]["GET /admin/jsi18n/ HTTP/1.1" 200 7682]
[2024-02-29 15:55:40,470][INFO][basehttp][basehttp.py:124]["POST /admin/w/goods/add/ HTTP/1.1" 302 0]
[2024-02-29 15:55:40,510][INFO][basehttp][basehttp.py:124]["GET /admin/w/goods/add/ HTTP/1.1" 200 8872]
[2024-02-29 15:55:40,528][INFO][basehttp][basehttp.py:124]["GET /admin/jsi18n/ HTTP/1.1" 200 7682]
[2024-02-29 15:56:22,967][INFO][basehttp][basehttp.py:124]["POST /admin/w/goods/add/ HTTP/1.1" 302 0]
[2024-02-29 15:56:23,043][INFO][basehttp][basehttp.py:124]["GET /admin/w/goods/ HTTP/1.1" 200 7228]
[2024-02-29 15:56:23,100][INFO][basehttp][basehttp.py:124]["GET /admin/jsi18n/ HTTP/1.1" 200 7682]
[2024-02-29 15:56:25,597][INFO][basehttp][basehttp.py:124]["GET /admin/w/ HTTP/1.1" 200 5691]
[2024-02-29 15:56:33,211][INFO][basehttp][basehttp.py:124]["GET /admin/w/tag/ HTTP/1.1" 200 3012]
[2024-02-29 15:56:33,232][INFO][basehttp][basehttp.py:124]["GET /admin/jsi18n/ HTTP/1.1" 200 7682]
[2024-02-29 15:56:34,990][INFO][basehttp][basehttp.py:124]["GET /admin/w/tag/add/ HTTP/1.1" 200 3798]
[2024-02-29 15:56:35,002][INFO][basehttp][basehttp.py:124]["GET /admin/jsi18n/ HTTP/1.1" 200 7682]
[2024-02-29 15:56:50,411][INFO][basehttp][basehttp.py:124]["POST /admin/w/tag/add/ HTTP/1.1" 302 0]
[2024-02-29 15:56:50,442][INFO][basehttp][basehttp.py:124]["GET /admin/w/tag/add/ HTTP/1.1" 200 4000]
[2024-02-29 15:56:50,458][INFO][basehttp][basehttp.py:124]["GET /admin/jsi18n/ HTTP/1.1" 200 7682]
[2024-02-29 15:56:58,789][INFO][basehttp][basehttp.py:124]["POST /admin/w/tag/add/ HTTP/1.1" 302 0]
[2024-02-29 15:56:58,815][INFO][basehttp][basehttp.py:124]["GET /admin/w/tag/add/ HTTP/1.1" 200 4000]
[2024-02-29 15:56:58,833][INFO][basehttp][basehttp.py:124]["GET /admin/jsi18n/ HTTP/1.1" 200 7682]
[2024-02-29 15:57:10,216][INFO][basehttp][basehttp.py:124]["POST /admin/w/tag/add/ HTTP/1.1" 302 0]
[2024-02-29 15:57:10,231][INFO][basehttp][basehttp.py:124]["GET /admin/w/tag/add/ HTTP/1.1" 200 4000]
[2024-02-29 15:57:10,262][INFO][basehttp][basehttp.py:124]["GET /admin/jsi18n/ HTTP/1.1" 200 7682]
[2024-02-29 15:57:17,339][INFO][basehttp][basehttp.py:124]["POST /admin/w/tag/add/ HTTP/1.1" 302 0]
[2024-02-29 15:57:17,373][INFO][basehttp][basehttp.py:124]["GET /admin/w/tag/add/ HTTP/1.1" 200 3998]
[2024-02-29 15:57:17,389][INFO][basehttp][basehttp.py:124]["GET /admin/jsi18n/ HTTP/1.1" 200 7682]
[2024-02-29 15:57:23,813][INFO][basehttp][basehttp.py:124]["POST /admin/w/tag/add/ HTTP/1.1" 302 0]
[2024-02-29 15:57:23,845][INFO][basehttp][basehttp.py:124]["GET /admin/w/tag/add/ HTTP/1.1" 200 4000]
[2024-02-29 15:57:23,860][INFO][basehttp][basehttp.py:124]["GET /admin/jsi18n/ HTTP/1.1" 200 7682]
[2024-02-29 15:57:30,111][INFO][basehttp][basehttp.py:124]["POST /admin/w/tag/add/ HTTP/1.1" 302 0]
[2024-02-29 15:57:30,143][INFO][basehttp][basehttp.py:124]["GET /admin/w/tag/add/ HTTP/1.1" 200 3998]
[2024-02-29 15:57:30,167][INFO][basehttp][basehttp.py:124]["GET /admin/jsi18n/ HTTP/1.1" 200 7682]
[2024-02-29 15:57:36,246][INFO][basehttp][basehttp.py:124]["POST /admin/w/tag/add/ HTTP/1.1" 302 0]
[2024-02-29 15:57:36,276][INFO][basehttp][basehttp.py:124]["GET /admin/w/tag/add/ HTTP/1.1" 200 4000]
[2024-02-29 15:57:36,295][INFO][basehttp][basehttp.py:124]["GET /admin/jsi18n/ HTTP/1.1" 200 7682]
[2024-02-29 15:57:43,727][INFO][basehttp][basehttp.py:124]["POST /admin/w/tag/add/ HTTP/1.1" 302 0]
[2024-02-29 15:57:43,743][INFO][basehttp][basehttp.py:124]["GET /admin/w/tag/add/ HTTP/1.1" 200 4003]
[2024-02-29 15:57:43,768][INFO][basehttp][basehttp.py:124]["GET /admin/jsi18n/ HTTP/1.1" 200 7682]
[2024-02-29 15:57:49,623][INFO][basehttp][basehttp.py:124]["POST /admin/w/tag/add/ HTTP/1.1" 302 0]
[2024-02-29 15:57:49,658][INFO][basehttp][basehttp.py:124]["GET /admin/w/tag/add/ HTTP/1.1" 200 4006]
[2024-02-29 15:57:49,658][INFO][basehttp][basehttp.py:124]["GET /admin/jsi18n/ HTTP/1.1" 200 7682]
[2024-02-29 15:57:55,582][INFO][basehttp][basehttp.py:124]["POST /admin/w/tag/add/ HTTP/1.1" 302 0]
[2024-02-29 15:57:55,627][INFO][basehttp][basehttp.py:124]["GET /admin/w/tag/add/ HTTP/1.1" 200 4008]
[2024-02-29 15:57:55,643][INFO][basehttp][basehttp.py:124]["GET /admin/jsi18n/ HTTP/1.1" 200 7682]
[2024-02-29 15:58:02,729][INFO][basehttp][basehttp.py:124]["POST /admin/w/tag/add/ HTTP/1.1" 302 0]
[2024-02-29 15:58:02,777][INFO][basehttp][basehttp.py:124]["GET /admin/w/tag/add/ HTTP/1.1" 200 4009]
[2024-02-29 15:58:02,792][INFO][basehttp][basehttp.py:124]["GET /admin/jsi18n/ HTTP/1.1" 200 7682]
[2024-02-29 15:58:09,605][INFO][basehttp][basehttp.py:124]["POST /admin/w/tag/add/ HTTP/1.1" 302 0]
[2024-02-29 15:58:09,653][INFO][basehttp][basehttp.py:124]["GET /admin/w/tag/ HTTP/1.1" 200 6670]
[2024-02-29 15:58:09,668][INFO][basehttp][basehttp.py:124]["GET /admin/jsi18n/ HTTP/1.1" 200 7682]
[2024-02-29 15:58:11,079][INFO][basehttp][basehttp.py:124]["GET /admin/w/ HTTP/1.1" 200 5691]
[2024-02-29 15:58:26,221][INFO][basehttp][basehttp.py:124]["GET /admin/w/goods2tag/ HTTP/1.1" 200 3059]
[2024-02-29 15:58:26,221][INFO][basehttp][basehttp.py:124]["GET /admin/jsi18n/ HTTP/1.1" 200 7682]
[2024-02-29 15:58:30,412][INFO][basehttp][basehttp.py:124]["GET /admin/w/goods2tag/add/ HTTP/1.1" 200 6567]
[2024-02-29 15:58:30,429][INFO][basehttp][basehttp.py:124]["GET /admin/jsi18n/ HTTP/1.1" 200 7682]
[2024-02-29 15:58:36,827][INFO][basehttp][basehttp.py:124]["POST /admin/w/goods2tag/add/ HTTP/1.1" 302 0]
[2024-02-29 15:58:36,877][INFO][basehttp][basehttp.py:124]["GET /admin/w/goods2tag/add/ HTTP/1.1" 200 6799]
[2024-02-29 15:58:36,878][INFO][basehttp][basehttp.py:124]["GET /admin/jsi18n/ HTTP/1.1" 200 7682]
[2024-02-29 15:58:48,279][INFO][basehttp][basehttp.py:124]["POST /admin/w/goods2tag/add/ HTTP/1.1" 302 0]
[2024-02-29 15:58:48,311][INFO][basehttp][basehttp.py:124]["GET /admin/w/goods2tag/add/ HTTP/1.1" 200 6799]
[2024-02-29 15:58:48,337][INFO][basehttp][basehttp.py:124]["GET /admin/jsi18n/ HTTP/1.1" 200 7682]
[2024-02-29 15:58:51,394][INFO][basehttp][basehttp.py:124]["POST /admin/w/goods2tag/add/ HTTP/1.1" 302 0]
[2024-02-29 15:58:51,428][INFO][basehttp][basehttp.py:124]["GET /admin/w/goods2tag/add/ HTTP/1.1" 200 6799]
[2024-02-29 15:58:51,443][INFO][basehttp][basehttp.py:124]["GET /admin/jsi18n/ HTTP/1.1" 200 7682]
[2024-02-29 15:59:00,577][INFO][basehttp][basehttp.py:124]["POST /admin/w/goods2tag/add/ HTTP/1.1" 302 0]
[2024-02-29 15:59:00,624][INFO][basehttp][basehttp.py:124]["GET /admin/w/goods2tag/add/ HTTP/1.1" 200 6799]
[2024-02-29 15:59:00,637][INFO][basehttp][basehttp.py:124]["GET /admin/jsi18n/ HTTP/1.1" 200 7682]
[2024-02-29 15:59:04,660][INFO][basehttp][basehttp.py:124]["POST /admin/w/goods2tag/add/ HTTP/1.1" 302 0]
[2024-02-29 15:59:04,714][INFO][basehttp][basehttp.py:124]["GET /admin/w/goods2tag/add/ HTTP/1.1" 200 6799]
[2024-02-29 15:59:04,733][INFO][basehttp][basehttp.py:124]["GET /admin/jsi18n/ HTTP/1.1" 200 7682]
[2024-02-29 15:59:14,013][INFO][basehttp][basehttp.py:124]["POST /admin/w/goods2tag/add/ HTTP/1.1" 302 0]
[2024-02-29 15:59:14,045][INFO][basehttp][basehttp.py:124]["GET /admin/w/goods2tag/add/ HTTP/1.1" 200 6799]
[2024-02-29 15:59:14,068][INFO][basehttp][basehttp.py:124]["GET /admin/jsi18n/ HTTP/1.1" 200 7682]
[2024-02-29 15:59:17,710][INFO][basehttp][basehttp.py:124]["POST /admin/w/goods2tag/add/ HTTP/1.1" 302 0]
[2024-02-29 15:59:17,748][INFO][basehttp][basehttp.py:124]["GET /admin/w/goods2tag/add/ HTTP/1.1" 200 6799]
[2024-02-29 15:59:17,762][INFO][basehttp][basehttp.py:124]["GET /admin/jsi18n/ HTTP/1.1" 200 7682]
[2024-02-29 15:59:29,411][INFO][basehttp][basehttp.py:124]["POST /admin/w/goods2tag/add/ HTTP/1.1" 302 0]
[2024-02-29 15:59:29,460][INFO][basehttp][basehttp.py:124]["GET /admin/w/goods2tag/add/ HTTP/1.1" 200 6799]
[2024-02-29 15:59:29,472][INFO][basehttp][basehttp.py:124]["GET /admin/jsi18n/ HTTP/1.1" 200 7682]
[2024-02-29 15:59:33,879][INFO][basehttp][basehttp.py:124]["POST /admin/w/goods2tag/add/ HTTP/1.1" 302 0]
[2024-02-29 15:59:33,929][INFO][basehttp][basehttp.py:124]["GET /admin/w/goods2tag/add/ HTTP/1.1" 200 6799]
[2024-02-29 15:59:33,943][INFO][basehttp][basehttp.py:124]["GET /admin/jsi18n/ HTTP/1.1" 200 7682]
[2024-02-29 15:59:41,364][INFO][basehttp][basehttp.py:124]["POST /admin/w/goods2tag/add/ HTTP/1.1" 302 0]
[2024-02-29 15:59:41,411][INFO][basehttp][basehttp.py:124]["GET /admin/w/goods2tag/add/ HTTP/1.1" 200 6800]
[2024-02-29 15:59:41,429][INFO][basehttp][basehttp.py:124]["GET /admin/jsi18n/ HTTP/1.1" 200 7682]
[2024-02-29 15:59:47,250][INFO][basehttp][basehttp.py:124]["POST /admin/w/goods2tag/add/ HTTP/1.1" 302 0]
[2024-02-29 15:59:47,311][INFO][basehttp][basehttp.py:124]["GET /admin/w/goods2tag/add/ HTTP/1.1" 200 6800]
[2024-02-29 15:59:47,325][INFO][basehttp][basehttp.py:124]["GET /admin/jsi18n/ HTTP/1.1" 200 7682]
[2024-02-29 15:59:55,736][INFO][basehttp][basehttp.py:124]["POST /admin/w/goods2tag/add/ HTTP/1.1" 302 0]
[2024-02-29 15:59:55,801][INFO][basehttp][basehttp.py:124]["GET /admin/w/goods2tag/add/ HTTP/1.1" 200 6800]
[2024-02-29 15:59:55,827][INFO][basehttp][basehttp.py:124]["GET /admin/jsi18n/ HTTP/1.1" 200 7682]
[2024-02-29 15:59:59,804][INFO][basehttp][basehttp.py:124]["POST /admin/w/goods2tag/add/ HTTP/1.1" 302 0]
[2024-02-29 15:59:59,850][INFO][basehttp][basehttp.py:124]["GET /admin/w/goods2tag/add/ HTTP/1.1" 200 6800]
[2024-02-29 15:59:59,863][INFO][basehttp][basehttp.py:124]["GET /admin/jsi18n/ HTTP/1.1" 200 7682]
[2024-02-29 16:00:09,894][INFO][basehttp][basehttp.py:124]["POST /admin/w/goods2tag/add/ HTTP/1.1" 302 0]
[2024-02-29 16:00:09,928][INFO][basehttp][basehttp.py:124]["GET /admin/w/goods2tag/add/ HTTP/1.1" 200 6800]
[2024-02-29 16:00:09,948][INFO][basehttp][basehttp.py:124]["GET /admin/jsi18n/ HTTP/1.1" 200 7682]
[2024-02-29 16:00:15,084][INFO][basehttp][basehttp.py:124]["POST /admin/w/goods2tag/add/ HTTP/1.1" 302 0]
[2024-02-29 16:00:15,112][INFO][basehttp][basehttp.py:124]["GET /admin/w/goods2tag/add/ HTTP/1.1" 200 6800]
[2024-02-29 16:00:15,149][INFO][basehttp][basehttp.py:124]["GET /admin/jsi18n/ HTTP/1.1" 200 7682]
[2024-02-29 16:00:25,344][INFO][basehttp][basehttp.py:124]["POST /admin/w/goods2tag/add/ HTTP/1.1" 302 0]
[2024-02-29 16:00:25,395][INFO][basehttp][basehttp.py:124]["GET /admin/w/goods2tag/add/ HTTP/1.1" 200 6800]
[2024-02-29 16:00:25,415][INFO][basehttp][basehttp.py:124]["GET /admin/jsi18n/ HTTP/1.1" 200 7682]
[2024-02-29 16:00:31,111][INFO][basehttp][basehttp.py:124]["POST /admin/w/goods2tag/add/ HTTP/1.1" 302 0]
[2024-02-29 16:00:31,160][INFO][basehttp][basehttp.py:124]["GET /admin/w/goods2tag/add/ HTTP/1.1" 200 6800]
[2024-02-29 16:00:31,173][INFO][basehttp][basehttp.py:124]["GET /admin/jsi18n/ HTTP/1.1" 200 7682]
[2024-02-29 16:00:39,046][INFO][basehttp][basehttp.py:124]["POST /admin/w/goods2tag/add/ HTTP/1.1" 302 0]
[2024-02-29 16:00:39,095][INFO][basehttp][basehttp.py:124]["GET /admin/w/goods2tag/add/ HTTP/1.1" 200 6800]
[2024-02-29 16:00:39,098][INFO][basehttp][basehttp.py:124]["GET /admin/jsi18n/ HTTP/1.1" 200 7682]
[2024-02-29 16:00:44,313][INFO][basehttp][basehttp.py:124]["POST /admin/w/goods2tag/add/ HTTP/1.1" 302 0]
[2024-02-29 16:00:44,376][INFO][basehttp][basehttp.py:124]["GET /admin/w/goods2tag/add/ HTTP/1.1" 200 6800]
[2024-02-29 16:00:44,380][INFO][basehttp][basehttp.py:124]["GET /admin/jsi18n/ HTTP/1.1" 200 7682]
[2024-02-29 16:00:50,927][INFO][basehttp][basehttp.py:124]["POST /admin/w/goods2tag/add/ HTTP/1.1" 302 0]
[2024-02-29 16:00:50,998][INFO][basehttp][basehttp.py:124]["GET /admin/w/goods2tag/add/ HTTP/1.1" 200 6800]
[2024-02-29 16:00:51,012][INFO][basehttp][basehttp.py:124]["GET /admin/jsi18n/ HTTP/1.1" 200 7682]
[2024-02-29 16:00:55,556][INFO][basehttp][basehttp.py:124]["POST /admin/w/goods2tag/add/ HTTP/1.1" 302 0]
[2024-02-29 16:00:55,610][INFO][basehttp][basehttp.py:124]["GET /admin/w/goods2tag/add/ HTTP/1.1" 200 6800]
[2024-02-29 16:00:55,647][INFO][basehttp][basehttp.py:124]["GET /admin/jsi18n/ HTTP/1.1" 200 7682]
[2024-02-29 16:01:02,464][INFO][basehttp][basehttp.py:124]["POST /admin/w/goods2tag/add/ HTTP/1.1" 302 0]
[2024-02-29 16:01:02,510][INFO][basehttp][basehttp.py:124]["GET /admin/w/goods2tag/add/ HTTP/1.1" 200 6800]
[2024-02-29 16:01:02,525][INFO][basehttp][basehttp.py:124]["GET /admin/jsi18n/ HTTP/1.1" 200 7682]
[2024-02-29 16:01:07,456][INFO][basehttp][basehttp.py:124]["POST /admin/w/goods2tag/add/ HTTP/1.1" 302 0]
[2024-02-29 16:01:07,495][INFO][basehttp][basehttp.py:124]["GET /admin/w/goods2tag/add/ HTTP/1.1" 200 6800]
[2024-02-29 16:01:07,513][INFO][basehttp][basehttp.py:124]["GET /admin/jsi18n/ HTTP/1.1" 200 7682]
[2024-02-29 16:01:14,377][INFO][basehttp][basehttp.py:124]["POST /admin/w/goods2tag/add/ HTTP/1.1" 302 0]
[2024-02-29 16:01:14,411][INFO][basehttp][basehttp.py:124]["GET /admin/w/goods2tag/add/ HTTP/1.1" 200 6800]
[2024-02-29 16:01:14,444][INFO][basehttp][basehttp.py:124]["GET /admin/jsi18n/ HTTP/1.1" 200 7682]
[2024-02-29 16:01:18,613][INFO][basehttp][basehttp.py:124]["POST /admin/w/goods2tag/add/ HTTP/1.1" 302 0]
[2024-02-29 16:01:18,645][INFO][basehttp][basehttp.py:124]["GET /admin/w/goods2tag/add/ HTTP/1.1" 200 6800]
[2024-02-29 16:01:18,669][INFO][basehttp][basehttp.py:124]["GET /admin/jsi18n/ HTTP/1.1" 200 7682]
[2024-02-29 16:01:25,545][INFO][basehttp][basehttp.py:124]["POST /admin/w/goods2tag/add/ HTTP/1.1" 302 0]
[2024-02-29 16:01:25,587][INFO][basehttp][basehttp.py:124]["GET /admin/w/goods2tag/add/ HTTP/1.1" 200 6800]
[2024-02-29 16:01:25,603][INFO][basehttp][basehttp.py:124]["GET /admin/jsi18n/ HTTP/1.1" 200 7682]
[2024-02-29 16:01:29,933][INFO][basehttp][basehttp.py:124]["POST /admin/w/goods2tag/add/ HTTP/1.1" 302 0]
[2024-02-29 16:01:29,978][INFO][basehttp][basehttp.py:124]["GET /admin/w/goods2tag/add/ HTTP/1.1" 200 6800]
[2024-02-29 16:01:29,978][INFO][basehttp][basehttp.py:124]["GET /admin/jsi18n/ HTTP/1.1" 200 7682]
[2024-02-29 16:01:37,096][INFO][basehttp][basehttp.py:124]["POST /admin/w/goods2tag/add/ HTTP/1.1" 302 0]
[2024-02-29 16:01:37,186][INFO][basehttp][basehttp.py:124]["GET /admin/w/goods2tag/ HTTP/1.1" 200 10616]
[2024-02-29 16:01:37,199][INFO][basehttp][basehttp.py:124]["GET /admin/jsi18n/ HTTP/1.1" 200 7682]
[2024-02-29 16:01:39,315][INFO][basehttp][basehttp.py:124]["GET /admin/w/ HTTP/1.1" 200 5691]
[2024-02-29 16:10:58,154][INFO][basehttp][basehttp.py:124]["GET /home/ HTTP/1.1" 200 4054]
[2024-02-29 16:10:58,173][INFO][basehttp][basehttp.py:124]["GET /media/shop_picture/w1.jpeg HTTP/1.1" 200 11883]
[2024-02-29 16:10:58,175][INFO][basehttp][basehttp.py:124]["GET /media/shop_picture/w3.jpeg HTTP/1.1" 200 4572]
[2024-02-29 16:10:58,176][INFO][basehttp][basehttp.py:124]["GET /media/shop_picture/w2.jpeg HTTP/1.1" 200 13366]
[2024-02-29 16:10:58,178][INFO][basehttp][basehttp.py:124]["GET /media/shop_picture/w4.jpeg HTTP/1.1" 200 22849]
[2024-02-29 16:10:58,178][INFO][basehttp][basehttp.py:124]["GET /media/shop_picture/w5.jpeg HTTP/1.1" 200 18785]
[2024-02-29 16:10:58,179][INFO][basehttp][basehttp.py:124]["GET /media/shop_picture/w7.jpeg HTTP/1.1" 200 13355]
[2024-02-29 16:10:58,179][INFO][basehttp][basehttp.py:124]["GET /media/shop_picture/w6.jpeg HTTP/1.1" 200 15094]
[2024-02-29 16:10:58,183][INFO][basehttp][basehttp.py:124]["GET /media/shop_picture/w8.jpeg HTTP/1.1" 200 17648]
[2024-02-29 16:10:58,187][INFO][basehttp][basehttp.py:124]["GET /media/shop_picture/w9.jpeg HTTP/1.1" 200 16759]
[2024-02-29 16:10:58,193][INFO][basehttp][basehttp.py:124]["GET /media/shop_picture/w10.jpeg HTTP/1.1" 200 24767]
[2024-02-29 16:10:58,195][INFO][basehttp][basehttp.py:124]["GET /media/shop_picture/w11.jpeg HTTP/1.1" 200 63313]
[2024-02-29 16:10:58,200][INFO][basehttp][basehttp.py:124]["GET /media/shop_picture/w12.jpeg HTTP/1.1" 200 22216]
[2024-02-29 16:10:58,201][INFO][basehttp][basehttp.py:124]["GET /media/shop_picture/w13.jpeg HTTP/1.1" 200 19666]
[2024-02-29 16:10:58,206][INFO][basehttp][basehttp.py:124]["GET /media/shop_picture/w14.jpeg HTTP/1.1" 200 48315]
[2024-02-29 16:11:11,655][INFO][basehttp][basehttp.py:124]["OPTIONS /created/ HTTP/1.1" 200 0]
[2024-02-29 16:11:11,663][ERROR][exceptions][exceptions.py:7][view是:CreatedView , 错误是Error decoding signature.]
[2024-02-29 16:11:11,665][INFO][basehttp][basehttp.py:124]["GET /created/ HTTP/1.1" 200 72]
[2024-02-29 16:11:12,056][ERROR][exceptions][exceptions.py:7][view是:CreatedView , 错误是Error decoding signature.]
[2024-02-29 16:11:12,057][INFO][basehttp][basehttp.py:124]["GET /created/ HTTP/1.1" 200 72]
[2024-02-29 16:11:16,616][INFO][basehttp][basehttp.py:124]["OPTIONS /login/ HTTP/1.1" 200 0]
[2024-02-29 16:11:16,648][INFO][basehttp][basehttp.py:124]["POST /login/ HTTP/1.1" 200 67]
[2024-02-29 16:11:38,938][INFO][basehttp][basehttp.py:124]["POST /register/ HTTP/1.1" 200 38]
[2024-02-29 16:11:43,998][INFO][basehttp][basehttp.py:124]["POST /login/ HTTP/1.1" 200 67]
[2024-02-29 16:12:11,460][INFO][basehttp][basehttp.py:124]["POST /register/ HTTP/1.1" 200 38]
[2024-02-29 16:12:16,541][INFO][basehttp][basehttp.py:124]["POST /login/ HTTP/1.1" 200 67]
[2024-02-29 16:12:39,146][INFO][basehttp][basehttp.py:124]["POST /register/ HTTP/1.1" 200 38]
[2024-02-29 16:12:47,114][INFO][basehttp][basehttp.py:124]["POST /login/ HTTP/1.1" 200 261]
[2024-02-29 16:12:47,151][INFO][basehttp][basehttp.py:124]["GET /home/ HTTP/1.1" 200 4054]
[2024-02-29 16:12:47,165][INFO][basehttp][basehttp.py:124]["GET /set_avatar/%E6%B5%B7%E7%BB%B5%E5%AE%9D%E5%AE%9D/ HTTP/1.1" 200 54]
[2024-02-29 16:12:47,169][INFO][basehttp][basehttp.py:124]["GET /media/shop_picture/w9.jpeg HTTP/1.1" 304 0]
[2024-02-29 16:12:47,172][INFO][basehttp][basehttp.py:124]["GET /media/shop_picture/w10.jpeg HTTP/1.1" 304 0]
[2024-02-29 16:12:47,172][INFO][basehttp][basehttp.py:124]["GET /media/shop_picture/w11.jpeg HTTP/1.1" 304 0]
[2024-02-29 16:12:47,174][INFO][basehttp][basehttp.py:124]["GET /media/shop_picture/w12.jpeg HTTP/1.1" 304 0]
[2024-02-29 16:12:47,175][INFO][basehttp][basehttp.py:124]["GET /media/shop_picture/w13.jpeg HTTP/1.1" 304 0]
[2024-02-29 16:12:47,176][INFO][basehttp][basehttp.py:124]["GET /media/shop_picture/w14.jpeg HTTP/1.1" 304 0]
[2024-02-29 16:12:47,181][INFO][basehttp][basehttp.py:124]["GET /media/avatar/w1.jpg HTTP/1.1" 200 39304]
[2024-02-29 16:12:49,932][INFO][basehttp][basehttp.py:124]["GET /goods_detail/1 HTTP/1.1" 200 10663]
[2024-02-29 16:12:49,949][INFO][basehttp][basehttp.py:124]["GET /set_avatar/%E6%B5%B7%E7%BB%B5%E5%AE%9D%E5%AE%9D/ HTTP/1.1" 200 54]
[2024-02-29 16:12:49,958][INFO][basehttp][basehttp.py:124]["GET /leftmenu_category/ HTTP/1.1" 200 128]
[2024-02-29 16:12:49,962][INFO][basehttp][basehttp.py:124]["GET /leftmenu_tag/ HTTP/1.1" 200 495]
[2024-02-29 16:12:51,928][INFO][basehttp][basehttp.py:124]["OPTIONS /shop_car/ HTTP/1.1" 200 0]
[2024-02-29 16:12:51,965][INFO][basehttp][basehttp.py:124]["POST /shop_car/ HTTP/1.1" 200 40]
[2024-02-29 16:12:52,531][INFO][basehttp][basehttp.py:124]["OPTIONS /up_or_down/1/ HTTP/1.1" 200 0]
[2024-02-29 16:12:52,562][INFO][basehttp][basehttp.py:124]["PUT /up_or_down/1/ HTTP/1.1" 200 31]
[2024-02-29 16:13:04,299][INFO][basehttp][basehttp.py:124]["OPTIONS /comment/ HTTP/1.1" 200 0]
[2024-02-29 16:13:04,349][INFO][basehttp][basehttp.py:124]["POST /comment/ HTTP/1.1" 200 38]
[2024-02-29 16:13:06,963][INFO][basehttp][basehttp.py:124]["GET /home/ HTTP/1.1" 200 4054]
[2024-02-29 16:13:06,989][INFO][basehttp][basehttp.py:124]["GET /media/shop_picture/w5.jpeg HTTP/1.1" 304 0]
[2024-02-29 16:13:06,990][INFO][basehttp][basehttp.py:124]["GET /media/shop_picture/w6.jpeg HTTP/1.1" 304 0]
[2024-02-29 16:13:06,990][INFO][basehttp][basehttp.py:124]["GET /media/shop_picture/w7.jpeg HTTP/1.1" 304 0]
[2024-02-29 16:13:06,991][INFO][basehttp][basehttp.py:124]["GET /media/shop_picture/w8.jpeg HTTP/1.1" 304 0]
[2024-02-29 16:13:06,993][INFO][basehttp][basehttp.py:124]["GET /set_avatar/%E6%B5%B7%E7%BB%B5%E5%AE%9D%E5%AE%9D/ HTTP/1.1" 200 54]
[2024-02-29 16:13:07,308][INFO][basehttp][basehttp.py:124]["GET /home/ HTTP/1.1" 200 4054]
[2024-02-29 16:13:07,323][INFO][basehttp][basehttp.py:124]["GET /set_avatar/%E6%B5%B7%E7%BB%B5%E5%AE%9D%E5%AE%9D/ HTTP/1.1" 200 54]
[2024-02-29 16:13:07,333][INFO][basehttp][basehttp.py:124]["GET /media/avatar/w1.jpg HTTP/1.1" 304 0]
[2024-02-29 16:13:08,547][INFO][basehttp][basehttp.py:124]["GET /goods_detail/2 HTTP/1.1" 200 11045]
[2024-02-29 16:13:08,571][INFO][basehttp][basehttp.py:124]["GET /leftmenu_category/ HTTP/1.1" 200 128]
[2024-02-29 16:13:08,571][INFO][basehttp][basehttp.py:124]["GET /set_avatar/%E6%B5%B7%E7%BB%B5%E5%AE%9D%E5%AE%9D/ HTTP/1.1" 200 54]
[2024-02-29 16:13:08,584][INFO][basehttp][basehttp.py:124]["GET /leftmenu_tag/ HTTP/1.1" 200 495]
[2024-02-29 16:13:10,664][INFO][basehttp][basehttp.py:124]["POST /shop_car/ HTTP/1.1" 200 40]
[2024-02-29 16:13:11,315][INFO][basehttp][basehttp.py:124]["OPTIONS /up_or_down/2/ HTTP/1.1" 200 0]
[2024-02-29 16:13:11,431][INFO][basehttp][basehttp.py:124]["PUT /up_or_down/2/ HTTP/1.1" 200 31]
[2024-02-29 16:13:17,631][INFO][basehttp][basehttp.py:124]["POST /comment/ HTTP/1.1" 200 38]
[2024-02-29 16:13:19,903][INFO][basehttp][basehttp.py:124]["GET /filter/?tags__id=4 HTTP/1.1" 200 349]
[2024-02-29 16:13:19,917][INFO][basehttp][basehttp.py:124]["GET /media/shop_picture/w4.jpeg HTTP/1.1" 304 0]
[2024-02-29 16:13:19,930][INFO][basehttp][basehttp.py:124]["GET /leftmenu_category/ HTTP/1.1" 200 128]
[2024-02-29 16:13:19,933][INFO][basehttp][basehttp.py:124]["GET /set_avatar/%E6%B5%B7%E7%BB%B5%E5%AE%9D%E5%AE%9D/ HTTP/1.1" 200 54]
[2024-02-29 16:13:19,938][INFO][basehttp][basehttp.py:124]["GET /media/avatar/w1.jpg HTTP/1.1" 304 0]
[2024-02-29 16:13:19,948][INFO][basehttp][basehttp.py:124]["GET /leftmenu_tag/ HTTP/1.1" 200 495]
[2024-02-29 16:13:21,172][INFO][basehttp][basehttp.py:124]["GET /filter/?category_id=2 HTTP/1.1" 200 535]
[2024-02-29 16:13:21,187][INFO][basehttp][basehttp.py:124]["GET /leftmenu_category/ HTTP/1.1" 200 128]
[2024-02-29 16:13:21,199][INFO][basehttp][basehttp.py:124]["GET /set_avatar/%E6%B5%B7%E7%BB%B5%E5%AE%9D%E5%AE%9D/ HTTP/1.1" 200 54]
[2024-02-29 16:13:21,215][INFO][basehttp][basehttp.py:124]["GET /leftmenu_tag/ HTTP/1.1" 200 495]
[2024-02-29 16:13:23,896][INFO][basehttp][basehttp.py:124]["OPTIONS /backend/%E6%B5%B7%E7%BB%B5%E5%AE%9D%E5%AE%9D/ HTTP/1.1" 200 0]
[2024-02-29 16:13:23,947][INFO][basehttp][basehttp.py:124]["GET /backend/%E6%B5%B7%E7%BB%B5%E5%AE%9D%E5%AE%9D/ HTTP/1.1" 200 260]
[2024-02-29 16:13:24,010][INFO][basehttp][basehttp.py:124]["GET /backend/%E6%B5%B7%E7%BB%B5%E5%AE%9D%E5%AE%9D/ HTTP/1.1" 200 260]
[2024-02-29 16:13:24,021][INFO][basehttp][basehttp.py:124]["GET /set_avatar/%E6%B5%B7%E7%BB%B5%E5%AE%9D%E5%AE%9D/ HTTP/1.1" 200 54]
[2024-02-29 16:13:43,763][INFO][basehttp][basehttp.py:124]["GET /home/ HTTP/1.1" 200 4054]
[2024-02-29 16:13:43,787][INFO][basehttp][basehttp.py:124]["GET /media/shop_picture/w1.jpeg HTTP/1.1" 304 0]
[2024-02-29 16:13:43,788][INFO][basehttp][basehttp.py:124]["GET /media/shop_picture/w2.jpeg HTTP/1.1" 304 0]
[2024-02-29 16:13:43,790][INFO][basehttp][basehttp.py:124]["GET /media/shop_picture/w3.jpeg HTTP/1.1" 304 0]
[2024-02-29 16:13:43,792][INFO][basehttp][basehttp.py:124]["GET /set_avatar/%E6%B5%B7%E7%BB%B5%E5%AE%9D%E5%AE%9D/ HTTP/1.1" 200 54]
[2024-02-29 16:13:44,177][INFO][basehttp][basehttp.py:124]["GET /home/ HTTP/1.1" 200 4054]
[2024-02-29 16:13:44,190][INFO][basehttp][basehttp.py:124]["GET /set_avatar/%E6%B5%B7%E7%BB%B5%E5%AE%9D%E5%AE%9D/ HTTP/1.1" 200 54]
[2024-02-29 16:13:44,206][INFO][basehttp][basehttp.py:124]["GET /media/avatar/w1.jpg HTTP/1.1" 304 0]
[2024-02-29 16:13:46,734][INFO][basehttp][basehttp.py:124]["GET /home/ HTTP/1.1" 200 4054]
[2024-02-29 16:13:51,600][INFO][basehttp][basehttp.py:124]["POST /login/ HTTP/1.1" 200 254]
[2024-02-29 16:13:51,624][INFO][basehttp][basehttp.py:124]["GET /home/ HTTP/1.1" 200 4054]
[2024-02-29 16:13:51,631][INFO][basehttp][basehttp.py:124]["GET /set_avatar/%E6%B4%BE%E5%A4%A7%E6%98%9F/ HTTP/1.1" 200 54]
[2024-02-29 16:13:51,631][INFO][basehttp][basehttp.py:124]["GET /media/avatar/w2.jpg HTTP/1.1" 200 32050]
[2024-02-29 16:13:53,389][INFO][basehttp][basehttp.py:124]["GET /goods_detail/2 HTTP/1.1" 200 11171]
[2024-02-29 16:13:53,410][INFO][basehttp][basehttp.py:124]["GET /leftmenu_category/ HTTP/1.1" 200 128]
[2024-02-29 16:13:53,410][INFO][basehttp][basehttp.py:124]["GET /set_avatar/%E6%B4%BE%E5%A4%A7%E6%98%9F/ HTTP/1.1" 200 54]
[2024-02-29 16:13:53,418][INFO][basehttp][basehttp.py:124]["GET /leftmenu_tag/ HTTP/1.1" 200 495]
[2024-02-29 16:13:54,868][INFO][basehttp][basehttp.py:124]["POST /shop_car/ HTTP/1.1" 200 40]
[2024-02-29 16:13:55,568][INFO][basehttp][basehttp.py:124]["PUT /up_or_down/2/ HTTP/1.1" 200 31]
[2024-02-29 16:14:06,233][INFO][basehttp][basehttp.py:124]["POST /comment/ HTTP/1.1" 200 38]
[2024-02-29 16:14:09,535][INFO][basehttp][basehttp.py:124]["GET /home/ HTTP/1.1" 200 4054]
[2024-02-29 16:14:09,549][INFO][basehttp][basehttp.py:124]["GET /set_avatar/%E6%B4%BE%E5%A4%A7%E6%98%9F/ HTTP/1.1" 200 54]
[2024-02-29 16:14:09,840][INFO][basehttp][basehttp.py:124]["GET /home/ HTTP/1.1" 200 4054]
[2024-02-29 16:14:09,868][INFO][basehttp][basehttp.py:124]["GET /set_avatar/%E6%B4%BE%E5%A4%A7%E6%98%9F/ HTTP/1.1" 200 54]
[2024-02-29 16:14:09,873][INFO][basehttp][basehttp.py:124]["GET /media/avatar/w2.jpg HTTP/1.1" 304 0]
[2024-02-29 16:14:10,766][INFO][basehttp][basehttp.py:124]["GET /goods_detail/3 HTTP/1.1" 200 10354]
[2024-02-29 16:14:10,793][INFO][basehttp][basehttp.py:124]["GET /leftmenu_category/ HTTP/1.1" 200 128]
[2024-02-29 16:14:10,798][INFO][basehttp][basehttp.py:124]["GET /set_avatar/%E6%B4%BE%E5%A4%A7%E6%98%9F/ HTTP/1.1" 200 54]
[2024-02-29 16:14:10,804][INFO][basehttp][basehttp.py:124]["GET /leftmenu_tag/ HTTP/1.1" 200 495]
[2024-02-29 16:14:11,910][INFO][basehttp][basehttp.py:124]["POST /shop_car/ HTTP/1.1" 200 40]
[2024-02-29 16:14:12,765][INFO][basehttp][basehttp.py:124]["OPTIONS /up_or_down/3/ HTTP/1.1" 200 0]
[2024-02-29 16:14:12,849][INFO][basehttp][basehttp.py:124]["PUT /up_or_down/3/ HTTP/1.1" 200 31]
[2024-02-29 16:14:25,096][INFO][basehttp][basehttp.py:124]["POST /comment/ HTTP/1.1" 200 38]
[2024-02-29 16:14:31,528][INFO][basehttp][basehttp.py:124]["OPTIONS /backend/%E6%B4%BE%E5%A4%A7%E6%98%9F/ HTTP/1.1" 200 0]
[2024-02-29 16:14:31,544][INFO][basehttp][basehttp.py:124]["GET /backend/%E6%B4%BE%E5%A4%A7%E6%98%9F/ HTTP/1.1" 200 260]
[2024-02-29 16:14:31,568][INFO][basehttp][basehttp.py:124]["GET /set_avatar/%E6%B4%BE%E5%A4%A7%E6%98%9F/ HTTP/1.1" 200 54]
[2024-02-29 16:14:31,837][INFO][basehttp][basehttp.py:124]["GET /backend/%E6%B4%BE%E5%A4%A7%E6%98%9F/ HTTP/1.1" 200 260]
[2024-02-29 16:14:31,850][INFO][basehttp][basehttp.py:124]["GET /set_avatar/%E6%B4%BE%E5%A4%A7%E6%98%9F/ HTTP/1.1" 200 54]
[2024-02-29 16:14:31,852][INFO][basehttp][basehttp.py:124]["GET /media/avatar/w2.jpg HTTP/1.1" 304 0]
[2024-02-29 16:14:35,062][INFO][basehttp][basehttp.py:124]["OPTIONS /vip/%E6%B4%BE%E5%A4%A7%E6%98%9F/ HTTP/1.1" 200 0]
[2024-02-29 16:14:35,114][INFO][basehttp][basehttp.py:124]["PUT /vip/%E6%B4%BE%E5%A4%A7%E6%98%9F/ HTTP/1.1" 200 31]
[2024-02-29 16:14:37,006][INFO][basehttp][basehttp.py:124]["GET /created/ HTTP/1.1" 200 3016]
[2024-02-29 16:14:37,084][INFO][basehttp][basehttp.py:124]["GET /created/ HTTP/1.1" 200 3016]
[2024-02-29 16:14:39,116][INFO][basehttp][basehttp.py:124]["GET /created/ HTTP/1.1" 200 3016]
[2024-02-29 16:14:44,048][INFO][basehttp][basehttp.py:124]["GET /created/ HTTP/1.1" 200 3016]
[2024-02-29 16:14:46,715][INFO][basehttp][basehttp.py:124]["GET /created/ HTTP/1.1" 200 3016]
[2024-02-29 16:14:50,151][INFO][basehttp][basehttp.py:124]["OPTIONS /exhibit/ HTTP/1.1" 200 0]
[2024-02-29 16:14:50,151][INFO][basehttp][basehttp.py:124]["POST /exhibit/ HTTP/1.1" 200 59]
[2024-02-29 16:14:52,615][INFO][basehttp][basehttp.py:124]["POST /exhibit/ HTTP/1.1" 200 25]
[2024-02-29 16:15:08,468][INFO][basehttp][basehttp.py:124]["POST /exhibit/ HTTP/1.1" 200 25]
[2024-02-29 16:15:11,456][INFO][basehttp][basehttp.py:124]["OPTIONS /pay/ HTTP/1.1" 200 0]
[2024-02-29 16:15:11,560][INFO][basehttp][basehttp.py:124]["POST /pay/ HTTP/1.1" 200 891]
[2024-02-29 16:15:35,494][INFO][basehttp][basehttp.py:124]["OPTIONS /success/28d710d1804e49d48bdbe65e25f13d08/ HTTP/1.1" 200 0]
[2024-02-29 16:15:35,504][WARNING][serializer][serializer.py:498][28d710d1804e49d48bdbe65e25f13d08订单支付成功]
[2024-02-29 16:15:35,545][INFO][basehttp][basehttp.py:124]["PUT /success/28d710d1804e49d48bdbe65e25f13d08/ HTTP/1.1" 200 76]
[2024-02-29 16:15:36,803][INFO][basehttp][basehttp.py:124]["GET /home/ HTTP/1.1" 200 4054]
[2024-02-29 16:15:36,821][INFO][basehttp][basehttp.py:124]["GET /media/shop_picture/w1.jpeg HTTP/1.1" 200 11883]
[2024-02-29 16:15:36,822][INFO][basehttp][basehttp.py:124]["GET /media/shop_picture/w2.jpeg HTTP/1.1" 200 13366]
[2024-02-29 16:15:36,822][INFO][basehttp][basehttp.py:124]["GET /media/shop_picture/w3.jpeg HTTP/1.1" 200 4572]
[2024-02-29 16:15:36,823][INFO][basehttp][basehttp.py:124]["GET /media/shop_picture/w4.jpeg HTTP/1.1" 200 22849]
[2024-02-29 16:15:36,823][INFO][basehttp][basehttp.py:124]["GET /media/shop_picture/w5.jpeg HTTP/1.1" 200 18785]
[2024-02-29 16:15:36,824][INFO][basehttp][basehttp.py:124]["GET /media/shop_picture/w6.jpeg HTTP/1.1" 200 15094]
[2024-02-29 16:15:36,830][INFO][basehttp][basehttp.py:124]["GET /media/shop_picture/w7.jpeg HTTP/1.1" 200 13355]
[2024-02-29 16:15:36,832][INFO][basehttp][basehttp.py:124]["GET /media/shop_picture/w8.jpeg HTTP/1.1" 200 17648]
[2024-02-29 16:15:36,833][INFO][basehttp][basehttp.py:124]["GET /media/shop_picture/w9.jpeg HTTP/1.1" 200 16759]
[2024-02-29 16:15:36,837][INFO][basehttp][basehttp.py:124]["GET /media/shop_picture/w10.jpeg HTTP/1.1" 200 24767]
[2024-02-29 16:15:36,840][INFO][basehttp][basehttp.py:124]["GET /media/shop_picture/w11.jpeg HTTP/1.1" 200 63313]
[2024-02-29 16:15:36,844][INFO][basehttp][basehttp.py:124]["GET /media/shop_picture/w12.jpeg HTTP/1.1" 200 22216]
[2024-02-29 16:15:36,848][INFO][basehttp][basehttp.py:124]["GET /media/shop_picture/w13.jpeg HTTP/1.1" 200 19666]
[2024-02-29 16:15:36,851][INFO][basehttp][basehttp.py:124]["GET /media/shop_picture/w14.jpeg HTTP/1.1" 200 48315]
[2024-02-29 16:15:37,045][INFO][basehttp][basehttp.py:124]["GET /home/ HTTP/1.1" 200 4054]
[2024-02-29 16:15:42,509][INFO][basehttp][basehttp.py:124]["OPTIONS /login/ HTTP/1.1" 200 0]
[2024-02-29 16:15:42,540][INFO][basehttp][basehttp.py:124]["POST /login/ HTTP/1.1" 200 254]
[2024-02-29 16:15:42,566][INFO][basehttp][basehttp.py:124]["GET /home/ HTTP/1.1" 200 4054]
[2024-02-29 16:15:42,583][INFO][basehttp][basehttp.py:124]["GET /set_avatar/%E6%B4%BE%E5%A4%A7%E6%98%9F/ HTTP/1.1" 200 54]
[2024-02-29 16:15:42,594][INFO][basehttp][basehttp.py:124]["GET /media/avatar/w2.jpg HTTP/1.1" 200 32050]
[2024-02-29 16:15:44,244][INFO][basehttp][basehttp.py:124]["OPTIONS /backend/%E6%B4%BE%E5%A4%A7%E6%98%9F/ HTTP/1.1" 200 0]
[2024-02-29 16:15:44,265][INFO][basehttp][basehttp.py:124]["GET /backend/%E6%B4%BE%E5%A4%A7%E6%98%9F/ HTTP/1.1" 200 485]
[2024-02-29 16:15:44,355][INFO][basehttp][basehttp.py:124]["GET /backend/%E6%B4%BE%E5%A4%A7%E6%98%9F/ HTTP/1.1" 200 485]
[2024-02-29 16:15:44,370][INFO][basehttp][basehttp.py:124]["GET /set_avatar/%E6%B4%BE%E5%A4%A7%E6%98%9F/ HTTP/1.1" 200 54]
[2024-02-29 16:15:51,859][INFO][basehttp][basehttp.py:124]["OPTIONS /vip/%E6%B4%BE%E5%A4%A7%E6%98%9F/ HTTP/1.1" 200 0]
[2024-02-29 16:15:51,884][INFO][basehttp][basehttp.py:124]["PUT /vip/%E6%B4%BE%E5%A4%A7%E6%98%9F/ HTTP/1.1" 200 60]
[2024-02-29 16:15:53,516][INFO][basehttp][basehttp.py:124]["GET /home/ HTTP/1.1" 200 4054]
[2024-02-29 16:15:53,586][INFO][basehttp][basehttp.py:124]["GET /home/ HTTP/1.1" 200 4054]
[2024-02-29 16:15:53,621][INFO][basehttp][basehttp.py:124]["GET /set_avatar/%E6%B4%BE%E5%A4%A7%E6%98%9F/ HTTP/1.1" 200 54]
[2024-02-29 16:15:55,479][INFO][basehttp][basehttp.py:124]["GET /home/ HTTP/1.1" 200 4054]
[2024-02-29 16:16:03,026][INFO][basehttp][basehttp.py:124]["POST /login/ HTTP/1.1" 200 251]
[2024-02-29 16:16:03,053][INFO][basehttp][basehttp.py:124]["GET /home/ HTTP/1.1" 200 4054]
[2024-02-29 16:16:03,084][INFO][basehttp][basehttp.py:124]["GET /set_avatar/%E7%AB%A0%E9%B1%BC%E5%93%A5/ HTTP/1.1" 200 54]
[2024-02-29 16:16:03,093][INFO][basehttp][basehttp.py:124]["GET /media/avatar/w3.jpg HTTP/1.1" 200 33534]
[2024-02-29 16:16:06,493][INFO][basehttp][basehttp.py:124]["GET /goods_detail/3 HTTP/1.1" 200 10474]
[2024-02-29 16:16:06,517][INFO][basehttp][basehttp.py:124]["GET /set_avatar/%E7%AB%A0%E9%B1%BC%E5%93%A5/ HTTP/1.1" 200 54]
[2024-02-29 16:16:06,523][INFO][basehttp][basehttp.py:124]["GET /leftmenu_category/ HTTP/1.1" 200 128]
[2024-02-29 16:16:06,533][INFO][basehttp][basehttp.py:124]["GET /leftmenu_tag/ HTTP/1.1" 200 495]
[2024-02-29 16:16:07,799][INFO][basehttp][basehttp.py:124]["OPTIONS /shop_car/ HTTP/1.1" 200 0]
[2024-02-29 16:16:08,209][INFO][basehttp][basehttp.py:124]["POST /shop_car/ HTTP/1.1" 200 40]
[2024-02-29 16:16:08,782][INFO][basehttp][basehttp.py:124]["OPTIONS /up_or_down/3/ HTTP/1.1" 200 0]
[2024-02-29 16:16:08,845][INFO][basehttp][basehttp.py:124]["PUT /up_or_down/3/ HTTP/1.1" 200 31]
[2024-02-29 16:16:19,245][INFO][basehttp][basehttp.py:124]["OPTIONS /comment/ HTTP/1.1" 200 0]
[2024-02-29 16:16:19,297][INFO][basehttp][basehttp.py:124]["POST /comment/ HTTP/1.1" 200 38]
[2024-02-29 16:16:21,443][INFO][basehttp][basehttp.py:124]["GET /home/ HTTP/1.1" 200 4054]
[2024-02-29 16:16:21,456][INFO][basehttp][basehttp.py:124]["GET /set_avatar/%E7%AB%A0%E9%B1%BC%E5%93%A5/ HTTP/1.1" 200 54]
[2024-02-29 16:16:21,534][INFO][basehttp][basehttp.py:124]["GET /home/ HTTP/1.1" 200 4054]
[2024-02-29 16:16:21,550][INFO][basehttp][basehttp.py:124]["GET /set_avatar/%E7%AB%A0%E9%B1%BC%E5%93%A5/ HTTP/1.1" 200 54]
[2024-02-29 16:16:23,016][INFO][basehttp][basehttp.py:124]["GET /goods_detail/4 HTTP/1.1" 200 9615]
[2024-02-29 16:16:23,043][INFO][basehttp][basehttp.py:124]["GET /leftmenu_category/ HTTP/1.1" 200 128]
[2024-02-29 16:16:23,045][INFO][basehttp][basehttp.py:124]["GET /set_avatar/%E7%AB%A0%E9%B1%BC%E5%93%A5/ HTTP/1.1" 200 54]
[2024-02-29 16:16:23,051][INFO][basehttp][basehttp.py:124]["GET /leftmenu_tag/ HTTP/1.1" 200 495]
[2024-02-29 16:16:24,235][INFO][basehttp][basehttp.py:124]["POST /shop_car/ HTTP/1.1" 200 40]
[2024-02-29 16:16:24,682][INFO][basehttp][basehttp.py:124]["OPTIONS /up_or_down/4/ HTTP/1.1" 200 0]
[2024-02-29 16:16:24,749][INFO][basehttp][basehttp.py:124]["PUT /up_or_down/4/ HTTP/1.1" 200 31]
[2024-02-29 16:16:29,200][INFO][basehttp][basehttp.py:124]["POST /comment/ HTTP/1.1" 200 38]
[2024-02-29 16:16:31,652][INFO][basehttp][basehttp.py:124]["OPTIONS /backend/%E7%AB%A0%E9%B1%BC%E5%93%A5/ HTTP/1.1" 200 0]
[2024-02-29 16:16:31,691][INFO][basehttp][basehttp.py:124]["GET /backend/%E7%AB%A0%E9%B1%BC%E5%93%A5/ HTTP/1.1" 200 258]
[2024-02-29 16:16:31,758][INFO][basehttp][basehttp.py:124]["GET /backend/%E7%AB%A0%E9%B1%BC%E5%93%A5/ HTTP/1.1" 200 258]
[2024-02-29 16:16:31,769][INFO][basehttp][basehttp.py:124]["GET /set_avatar/%E7%AB%A0%E9%B1%BC%E5%93%A5/ HTTP/1.1" 200 54]
[2024-02-29 16:16:31,771][INFO][basehttp][basehttp.py:124]["GET /media/avatar/w3.jpg HTTP/1.1" 304 0]
[2024-02-29 16:16:43,777][INFO][basehttp][basehttp.py:124]["GET /goods_detail/3 HTTP/1.1" 200 10603]
[2024-02-29 16:16:43,802][INFO][basehttp][basehttp.py:124]["GET /set_avatar/%E7%AB%A0%E9%B1%BC%E5%93%A5/ HTTP/1.1" 200 54]
[2024-02-29 16:16:43,803][INFO][basehttp][basehttp.py:124]["GET /leftmenu_category/ HTTP/1.1" 200 128]
[2024-02-29 16:16:43,803][INFO][basehttp][basehttp.py:124]["GET /leftmenu_tag/ HTTP/1.1" 200 495]
[2024-02-29 16:16:46,619][INFO][basehttp][basehttp.py:124]["GET /filter/?tags__id=1 HTTP/1.1" 200 1772]
[2024-02-29 16:16:46,646][INFO][basehttp][basehttp.py:124]["GET /leftmenu_category/ HTTP/1.1" 200 128]
[2024-02-29 16:16:46,653][INFO][basehttp][basehttp.py:124]["GET /set_avatar/%E7%AB%A0%E9%B1%BC%E5%93%A5/ HTTP/1.1" 200 54]
[2024-02-29 16:16:46,657][INFO][basehttp][basehttp.py:124]["GET /leftmenu_tag/ HTTP/1.1" 200 495]
[2024-02-29 16:16:48,216][INFO][basehttp][basehttp.py:124]["GET /goods_detail/11 HTTP/1.1" 200 304]
[2024-02-29 16:16:48,237][INFO][basehttp][basehttp.py:124]["GET /set_avatar/%E7%AB%A0%E9%B1%BC%E5%93%A5/ HTTP/1.1" 200 54]
[2024-02-29 16:16:48,239][INFO][basehttp][basehttp.py:124]["GET /leftmenu_category/ HTTP/1.1" 200 128]
[2024-02-29 16:16:48,250][INFO][basehttp][basehttp.py:124]["GET /leftmenu_tag/ HTTP/1.1" 200 495]
[2024-02-29 16:16:50,914][INFO][basehttp][basehttp.py:124]["OPTIONS /up_or_down/11/ HTTP/1.1" 200 0]
[2024-02-29 16:16:50,976][INFO][basehttp][basehttp.py:124]["PUT /up_or_down/11/ HTTP/1.1" 200 31]
[2024-02-29 16:16:53,403][INFO][basehttp][basehttp.py:124]["GET /home/ HTTP/1.1" 200 4054]
[2024-02-29 16:16:53,417][INFO][basehttp][basehttp.py:124]["GET /set_avatar/%E7%AB%A0%E9%B1%BC%E5%93%A5/ HTTP/1.1" 200 54]
[2024-02-29 16:16:53,517][INFO][basehttp][basehttp.py:124]["GET /home/ HTTP/1.1" 200 4054]
[2024-02-29 16:16:53,548][INFO][basehttp][basehttp.py:124]["GET /set_avatar/%E7%AB%A0%E9%B1%BC%E5%93%A5/ HTTP/1.1" 200 54]
[2024-02-29 16:16:55,715][INFO][basehttp][basehttp.py:124]["GET /home/ HTTP/1.1" 200 4054]
[2024-02-29 16:17:00,185][INFO][basehttp][basehttp.py:124]["POST /login/ HTTP/1.1" 200 254]
[2024-02-29 16:17:00,215][INFO][basehttp][basehttp.py:124]["GET /home/ HTTP/1.1" 200 4054]
[2024-02-29 16:17:00,233][INFO][basehttp][basehttp.py:124]["GET /set_avatar/%E6%B4%BE%E5%A4%A7%E6%98%9F/ HTTP/1.1" 200 54]
[2024-02-29 16:17:00,244][INFO][basehttp][basehttp.py:124]["GET /media/avatar/w2.jpg HTTP/1.1" 304 0]
[2024-02-29 16:17:01,406][INFO][basehttp][basehttp.py:124]["GET /goods_detail/1 HTTP/1.1" 200 10786]
[2024-02-29 16:17:01,433][INFO][basehttp][basehttp.py:124]["GET /leftmenu_category/ HTTP/1.1" 200 128]
[2024-02-29 16:17:01,434][INFO][basehttp][basehttp.py:124]["GET /set_avatar/%E6%B4%BE%E5%A4%A7%E6%98%9F/ HTTP/1.1" 200 54]
[2024-02-29 16:17:01,434][INFO][basehttp][basehttp.py:124]["GET /leftmenu_tag/ HTTP/1.1" 200 495]
[2024-02-29 16:17:05,591][INFO][basehttp][basehttp.py:124]["GET /set_avatar/%E6%B4%BE%E5%A4%A7%E6%98%9F/ HTTP/1.1" 200 54]
[2024-02-29 16:17:06,606][INFO][basehttp][basehttp.py:124]["GET /goods_detail/2 HTTP/1.1" 200 11306]
[2024-02-29 16:17:06,627][INFO][basehttp][basehttp.py:124]["GET /set_avatar/%E6%B4%BE%E5%A4%A7%E6%98%9F/ HTTP/1.1" 200 54]
[2024-02-29 16:17:06,634][INFO][basehttp][basehttp.py:124]["GET /leftmenu_category/ HTTP/1.1" 200 128]
[2024-02-29 16:17:06,636][INFO][basehttp][basehttp.py:124]["GET /leftmenu_tag/ HTTP/1.1" 200 495]
[2024-02-29 16:17:15,334][INFO][basehttp][basehttp.py:124]["GET /set_avatar/%E6%B4%BE%E5%A4%A7%E6%98%9F/ HTTP/1.1" 200 54]
[2024-02-29 16:17:16,974][INFO][basehttp][basehttp.py:124]["GET /goods_detail/3 HTTP/1.1" 200 10603]
[2024-02-29 16:17:16,993][INFO][basehttp][basehttp.py:124]["GET /set_avatar/%E6%B4%BE%E5%A4%A7%E6%98%9F/ HTTP/1.1" 200 54]
[2024-02-29 16:17:17,001][INFO][basehttp][basehttp.py:124]["GET /leftmenu_category/ HTTP/1.1" 200 128]
[2024-02-29 16:17:17,001][INFO][basehttp][basehttp.py:124]["GET /leftmenu_tag/ HTTP/1.1" 200 495]
[2024-02-29 16:17:26,490][INFO][basehttp][basehttp.py:124]["GET /set_avatar/%E6%B4%BE%E5%A4%A7%E6%98%9F/ HTTP/1.1" 200 54]
[2024-02-29 16:17:28,004][INFO][basehttp][basehttp.py:124]["GET /goods_detail/4 HTTP/1.1" 200 9732]
[2024-02-29 16:17:28,023][INFO][basehttp][basehttp.py:124]["GET /leftmenu_category/ HTTP/1.1" 200 128]
[2024-02-29 16:17:28,035][INFO][basehttp][basehttp.py:124]["GET /set_avatar/%E6%B4%BE%E5%A4%A7%E6%98%9F/ HTTP/1.1" 200 54]
[2024-02-29 16:17:28,035][INFO][basehttp][basehttp.py:124]["GET /leftmenu_tag/ HTTP/1.1" 200 495]
[2024-02-29 16:17:31,511][INFO][basehttp][basehttp.py:124]["OPTIONS /created/ HTTP/1.1" 200 0]
[2024-02-29 16:17:31,537][INFO][basehttp][basehttp.py:124]["GET /created/ HTTP/1.1" 200 3016]
[2024-02-29 16:17:31,640][INFO][basehttp][basehttp.py:124]["GET /created/ HTTP/1.1" 200 3016]
[2024-02-29 16:17:33,134][INFO][basehttp][basehttp.py:124]["GET /created/ HTTP/1.1" 200 3016]
[2024-02-29 16:17:36,498][INFO][basehttp][basehttp.py:124]["GET /created/ HTTP/1.1" 200 3016]
[2024-02-29 16:17:36,988][INFO][basehttp][basehttp.py:124]["GET /goods_detail/4 HTTP/1.1" 200 9732]
[2024-02-29 16:17:37,001][INFO][basehttp][basehttp.py:124]["GET /set_avatar/%E6%B4%BE%E5%A4%A7%E6%98%9F/ HTTP/1.1" 200 54]
[2024-02-29 16:17:37,001][INFO][basehttp][basehttp.py:124]["GET /leftmenu_category/ HTTP/1.1" 200 128]
[2024-02-29 16:17:37,001][INFO][basehttp][basehttp.py:124]["GET /media/avatar/w2.jpg HTTP/1.1" 304 0]
[2024-02-29 16:17:37,016][INFO][basehttp][basehttp.py:124]["GET /leftmenu_tag/ HTTP/1.1" 200 495]
[2024-02-29 16:17:40,055][INFO][basehttp][basehttp.py:124]["GET /filter/?tags__id=1 HTTP/1.1" 200 1772]
[2024-02-29 16:17:40,087][INFO][basehttp][basehttp.py:124]["GET /set_avatar/%E6%B4%BE%E5%A4%A7%E6%98%9F/ HTTP/1.1" 200 54]
[2024-02-29 16:17:40,088][INFO][basehttp][basehttp.py:124]["GET /leftmenu_category/ HTTP/1.1" 200 128]
[2024-02-29 16:17:40,104][INFO][basehttp][basehttp.py:124]["GET /leftmenu_tag/ HTTP/1.1" 200 495]
[2024-02-29 16:17:41,274][INFO][basehttp][basehttp.py:124]["GET /goods_detail/11 HTTP/1.1" 200 304]
[2024-02-29 16:17:41,305][INFO][basehttp][basehttp.py:124]["GET /leftmenu_category/ HTTP/1.1" 200 128]
[2024-02-29 16:17:41,305][INFO][basehttp][basehttp.py:124]["GET /set_avatar/%E6%B4%BE%E5%A4%A7%E6%98%9F/ HTTP/1.1" 200 54]
[2024-02-29 16:17:41,316][INFO][basehttp][basehttp.py:124]["GET /leftmenu_tag/ HTTP/1.1" 200 495]
[2024-02-29 16:17:43,380][INFO][basehttp][basehttp.py:124]["PUT /up_or_down/11/ HTTP/1.1" 200 31]
[2024-02-29 16:17:45,191][INFO][basehttp][basehttp.py:124]["GET /created/ HTTP/1.1" 200 3016]
[2024-02-29 16:17:45,270][INFO][basehttp][basehttp.py:124]["GET /created/ HTTP/1.1" 200 3016]
[2024-02-29 16:17:45,277][INFO][basehttp][basehttp.py:124]["GET /media/shop_picture/w10.jpeg HTTP/1.1" 304 0]
[2024-02-29 16:17:46,601][INFO][basehttp][basehttp.py:124]["GET /created/ HTTP/1.1" 200 3016]
[2024-02-29 16:17:49,450][INFO][basehttp][basehttp.py:124]["GET /created/ HTTP/1.1" 200 3016]
[2024-02-29 16:17:51,249][INFO][basehttp][basehttp.py:124]["GET /home/ HTTP/1.1" 200 4054]
[2024-02-29 16:17:51,267][INFO][basehttp][basehttp.py:124]["GET /media/shop_picture/w11.jpeg HTTP/1.1" 304 0]
[2024-02-29 16:17:51,267][INFO][basehttp][basehttp.py:124]["GET /media/shop_picture/w12.jpeg HTTP/1.1" 304 0]
[2024-02-29 16:17:51,270][INFO][basehttp][basehttp.py:124]["GET /media/shop_picture/w13.jpeg HTTP/1.1" 304 0]
[2024-02-29 16:17:51,271][INFO][basehttp][basehttp.py:124]["GET /media/shop_picture/w14.jpeg HTTP/1.1" 304 0]
[2024-02-29 16:17:51,274][INFO][basehttp][basehttp.py:124]["GET /set_avatar/%E6%B4%BE%E5%A4%A7%E6%98%9F/ HTTP/1.1" 200 54]
[2024-02-29 16:17:52,917][INFO][basehttp][basehttp.py:124]["GET /backend/%E6%B4%BE%E5%A4%A7%E6%98%9F/ HTTP/1.1" 200 485]
[2024-02-29 16:17:52,984][INFO][basehttp][basehttp.py:124]["GET /backend/%E6%B4%BE%E5%A4%A7%E6%98%9F/ HTTP/1.1" 200 485]
[2024-02-29 16:17:53,016][INFO][basehttp][basehttp.py:124]["GET /set_avatar/%E6%B4%BE%E5%A4%A7%E6%98%9F/ HTTP/1.1" 200 54]
[2024-02-29 16:18:03,625][INFO][basehttp][basehttp.py:124]["OPTIONS /pay/ HTTP/1.1" 200 0]
[2024-02-29 16:18:03,801][INFO][basehttp][basehttp.py:124]["POST /pay/ HTTP/1.1" 200 885]
[2024-02-29 16:18:28,570][INFO][basehttp][basehttp.py:124]["OPTIONS /success/9676f7dfac6c4ac1a7be2db1b084c474/ HTTP/1.1" 200 0]
[2024-02-29 16:18:28,585][WARNING][serializer][serializer.py:498][9676f7dfac6c4ac1a7be2db1b084c474订单支付成功]
[2024-02-29 16:18:28,617][INFO][basehttp][basehttp.py:124]["PUT /success/9676f7dfac6c4ac1a7be2db1b084c474/ HTTP/1.1" 200 76]
[2024-02-29 16:18:29,739][INFO][basehttp][basehttp.py:124]["GET /home/ HTTP/1.1" 200 4054]
[2024-02-29 16:18:29,757][INFO][basehttp][basehttp.py:124]["GET /set_avatar/%E6%B4%BE%E5%A4%A7%E6%98%9F/ HTTP/1.1" 200 54]
[2024-02-29 16:18:29,922][INFO][basehttp][basehttp.py:124]["GET /home/ HTTP/1.1" 200 4054]
[2024-02-29 16:18:29,959][INFO][basehttp][basehttp.py:124]["GET /media/shop_picture/w2.jpeg HTTP/1.1" 200 13366]
[2024-02-29 16:18:29,960][INFO][basehttp][basehttp.py:124]["GET /media/shop_picture/w3.jpeg HTTP/1.1" 200 4572]
[2024-02-29 16:18:29,960][INFO][basehttp][basehttp.py:124]["GET /media/shop_picture/w4.jpeg HTTP/1.1" 200 22849]
[2024-02-29 16:18:29,960][INFO][basehttp][basehttp.py:124]["GET /media/shop_picture/w1.jpeg HTTP/1.1" 200 11883]
[2024-02-29 16:18:29,966][INFO][basehttp][basehttp.py:124]["GET /media/shop_picture/w5.jpeg HTTP/1.1" 200 18785]
[2024-02-29 16:18:29,989][INFO][basehttp][basehttp.py:124]["GET /media/shop_picture/w6.jpeg HTTP/1.1" 304 0]
[2024-02-29 16:18:29,991][INFO][basehttp][basehttp.py:124]["GET /media/shop_picture/w7.jpeg HTTP/1.1" 304 0]
[2024-02-29 16:18:29,994][INFO][basehttp][basehttp.py:124]["GET /media/shop_picture/w8.jpeg HTTP/1.1" 304 0]
[2024-02-29 16:18:29,995][INFO][basehttp][basehttp.py:124]["GET /set_avatar/%E6%B4%BE%E5%A4%A7%E6%98%9F/ HTTP/1.1" 200 54]
[2024-02-29 16:18:29,996][INFO][basehttp][basehttp.py:124]["GET /media/shop_picture/w9.jpeg HTTP/1.1" 304 0]
[2024-02-29 16:18:30,024][INFO][basehttp][basehttp.py:124]["GET /media/avatar/w2.jpg HTTP/1.1" 304 0]
[2024-02-29 16:18:32,652][INFO][basehttp][basehttp.py:124]["GET /home/ HTTP/1.1" 200 4054]
